  Animation.cpp
D:\E_job\Git\study_practice\std_xcz\Atlas.h(72,25): warning C4267: “return”: 从“size_t”转换到“unsigned int”，可能丢失数据
  (编译源文件“Animation.cpp”)
  
  Atlas.cpp
D:\E_job\Git\study_practice\std_xcz\Atlas.h(72,25): warning C4267: “return”: 从“size_t”转换到“unsigned int”，可能丢失数据
  (编译源文件“Atlas.cpp”)
  
  Enemy.cpp
D:\E_job\Git\study_practice\std_xcz\Atlas.h(72,25): warning C4267: “return”: 从“size_t”转换到“unsigned int”，可能丢失数据
  (编译源文件“Enemy.cpp”)
  
D:\E_job\Git\study_practice\std_xcz\Enemy.cpp(101,17): warning C4244: “-=”: 从“double”转换到“LONG”，可能丢失数据
D:\E_job\Git\study_practice\std_xcz\Enemy.cpp(105,17): warning C4244: “+=”: 从“double”转换到“LONG”，可能丢失数据
D:\E_job\Git\study_practice\std_xcz\Enemy.cpp(109,17): warning C4244: “-=”: 从“double”转换到“LONG”，可能丢失数据
D:\E_job\Git\study_practice\std_xcz\Enemy.cpp(113,17): warning C4244: “+=”: 从“double”转换到“LONG”，可能丢失数据
  main.cpp
D:\E_job\Git\study_practice\std_xcz\Atlas.h(72,25): warning C4267: “return”: 从“size_t”转换到“unsigned int”，可能丢失数据
  (编译源文件“main.cpp”)
  
D:\E_job\Git\study_practice\std_xcz\main.cpp(187,39): warning C4244: “参数”: 从“double”转换到“int”，可能丢失数据
D:\E_job\Git\study_practice\std_xcz\main.cpp(187,24): warning C4244: “参数”: 从“double”转换到“int”，可能丢失数据
  Player.cpp
D:\E_job\Git\study_practice\std_xcz\Atlas.h(72,25): warning C4267: “return”: 从“size_t”转换到“unsigned int”，可能丢失数据
  (编译源文件“Player.cpp”)
  
D:\E_job\Git\study_practice\std_xcz\Player.cpp(64,17): warning C4244: “-=”: 从“double”转换到“LONG”，可能丢失数据
D:\E_job\Git\study_practice\std_xcz\Player.cpp(68,17): warning C4244: “+=”: 从“double”转换到“LONG”，可能丢失数据
D:\E_job\Git\study_practice\std_xcz\Player.cpp(72,17): warning C4244: “-=”: 从“double”转换到“LONG”，可能丢失数据
D:\E_job\Git\study_practice\std_xcz\Player.cpp(76,17): warning C4244: “+=”: 从“double”转换到“LONG”，可能丢失数据
D:\E_job\Git\study_practice\std_xcz\Player.cpp(251,60): warning C4244: “+=”: 从“double”转换到“int”，可能丢失数据
D:\E_job\Git\study_practice\std_xcz\Player.cpp(251,112): warning C4244: “-=”: 从“double”转换到“int”，可能丢失数据
D:\E_job\Git\study_practice\std_xcz\Player.cpp(258,20): warning C4018: “<”: 有符号/无符号不匹配
D:\E_job\Git\study_practice\std_xcz\Player.cpp(260,11): warning C4244: “初始化”: 从“double”转换到“int”，可能丢失数据
D:\E_job\Git\study_practice\std_xcz\Player.cpp(262,85): warning C4244: “参数”: 从“double”转换到“int”，可能丢失数据
D:\E_job\Git\study_practice\std_xcz\Player.cpp(262,42): warning C4244: “参数”: 从“double”转换到“int”，可能丢失数据
D:\E_job\Git\study_practice\std_xcz\Player.cpp(269,20): warning C4018: “<”: 有符号/无符号不匹配
  正在生成代码...
  std_xcz.vcxproj -> D:\E_job\Git\study_practice\std_xcz\x64\Debug\std_xcz.exe
