d:\e_job\git\study_practice\std_xcz\std_xcz\x64\debug\vc143.pdb
d:\e_job\git\study_practice\std_xcz\std_xcz\x64\debug\vc143.idb
d:\e_job\git\study_practice\std_xcz\std_xcz\x64\debug\main.obj
d:\e_job\git\study_practice\std_xcz\std_xcz\x64\debug\animation.obj
d:\e_job\git\study_practice\std_xcz\std_xcz\x64\debug\player.obj
d:\e_job\git\study_practice\std_xcz\std_xcz\x64\debug\bullet.obj
d:\e_job\git\study_practice\std_xcz\std_xcz\x64\debug\enemy.obj
d:\e_job\git\study_practice\std_xcz\std_xcz\x64\debug\atlas.obj
d:\e_job\git\study_practice\std_xcz\std_xcz\x64\debug\button.obj
d:\e_job\git\study_practice\std_xcz\x64\debug\std_xcz.exe
d:\e_job\git\study_practice\std_xcz\x64\debug\std_xcz.pdb
d:\e_job\git\study_practice\std_xcz\std_xcz\x64\debug\std_xcz.ilk
d:\e_job\git\study_practice\std_xcz\std_xcz\x64\debug\main.obj.enc
d:\e_job\git\study_practice\std_xcz\std_xcz\x64\debug\player.obj.enc
d:\e_job\git\study_practice\std_xcz\std_xcz\x64\debug\std_xcz.tlog\cl.command.1.tlog
d:\e_job\git\study_practice\std_xcz\std_xcz\x64\debug\std_xcz.tlog\cl.items.tlog
d:\e_job\git\study_practice\std_xcz\std_xcz\x64\debug\std_xcz.tlog\cl.read.1.tlog
d:\e_job\git\study_practice\std_xcz\std_xcz\x64\debug\std_xcz.tlog\cl.write.1.tlog
d:\e_job\git\study_practice\std_xcz\std_xcz\x64\debug\std_xcz.tlog\link.command.1.tlog
d:\e_job\git\study_practice\std_xcz\std_xcz\x64\debug\std_xcz.tlog\link.read.1.tlog
d:\e_job\git\study_practice\std_xcz\std_xcz\x64\debug\std_xcz.tlog\link.secondary.1.tlog
d:\e_job\git\study_practice\std_xcz\std_xcz\x64\debug\std_xcz.tlog\link.write.1.tlog
